<html<head><title>Welcome to Processed Log File 2019/03/18 15:59:17</title></head><body bgcolor="DarkGray"><div align="center"></hr><h2>Log File</h2></hr></div></br><table border="2" cellspacing="2" cellpadding="2"><tr><td>Date of Execution</td><td>Mon 2019.03.18 at 03:59:17 PM IST</td></tr><tr><td>Remote Node Address</td><td>null</td></tr><tr><td>Run ID</td><td>3182019155911IST1552904951628</td></tr><tr><td>Build Triggered By</td><td>null (null)</td></tr><tr><td>Base Url</td><td>https://www.twsstaging.com/login.asp</td></tr><tr><td>Browser Used</td><td>Google Chrome, </td></tr><tr><td>Browser Version Used</td><td></td></tr><tr><td>OS Name</td><td></td></tr><tr><td>Feature File\s</td><td>;<br>C:\Users\ajay.yapada\GitProjectlocalrepo\Tws_Automation\FeatureFiles\ProfileDataEntry\Myprofile_ProfessionalExpertiseandCredentials.feature;<br>defFiles</td></tr><tr><td>Cuke Filters</td><td></td></tr><tr><td>Cuke Glues</td><td></td></tr></table></hr></br><div align="center"><div align="center" style="width:100%"></hr><h3>Log</h3><div id="logfilename"><dfn>Log File Name = C:\Users\ajay.yapada\GitProjectlocalrepo\Tws_Automation/framework/Result/3182019155911IST1552904951628/main.adtl</dfn></div><table border="2" cellspacing="2" cellpadding="2" width="100%"><tr><td>Date/Time</td><td>Status</td><td>Function Name</td><td>Message</td></tr><tr><td>2019/03/18 15:59:12</td><td bgcolor="Lavender">N/A</td><td>Genesis</td><td>LogFolder path used in the test: C:\Users\ajay.yapada\GitProjectlocalrepo\Tws_Automation/framework/Log/<br> <i> Stack Trace : Lib.Controller.ThreadRunner.main(ThreadRunner.java:271)<br>Lib.Controller.Driver.setUp(Driver.java:412)<br>Lib.Common.TestProperties.Genesis(TestProperties.java:193)<br></i><br><b>Unable to get the URL and Page title because the browser is not open</b></td></tr><tr><td>2019/03/18 15:59:13</td><td bgcolor="Lavender">N/A</td><td>Genesis</td><td>ResultFolder path used in the test: C:\Users\ajay.yapada\GitProjectlocalrepo\Tws_Automation/framework/Result/<br> <i> Stack Trace : Lib.Controller.ThreadRunner.main(ThreadRunner.java:271)<br>Lib.Controller.Driver.setUp(Driver.java:412)<br>Lib.Common.TestProperties.Genesis(TestProperties.java:194)<br></i><br><b>Unable to get the URL and Page title because the browser is not open</b></td></tr><tr><td>2019/03/18 15:59:13</td><td bgcolor="Lavender">N/A</td><td>Genesis</td><td>ObjectPropsFolder path used in the test: C:\Users\ajay.yapada\GitProjectlocalrepo\Tws_Automation/framework/ObjectProps/<br> <i> Stack Trace : Lib.Controller.ThreadRunner.main(ThreadRunner.java:271)<br>Lib.Controller.Driver.setUp(Driver.java:412)<br>Lib.Common.TestProperties.Genesis(TestProperties.java:195)<br></i><br><b>Unable to get the URL and Page title because the browser is not open</b></td></tr><tr><td>2019/03/18 15:59:13</td><td bgcolor="Lavender">N/A</td><td>Genesis</td><td>EnvFileFolder path used in the test: C:\Users\ajay.yapada\GitProjectlocalrepo\Tws_Automation/framework/Environment/<br> <i> Stack Trace : Lib.Controller.ThreadRunner.main(ThreadRunner.java:271)<br>Lib.Controller.Driver.setUp(Driver.java:412)<br>Lib.Common.TestProperties.Genesis(TestProperties.java:196)<br></i><br><b>Unable to get the URL and Page title because the browser is not open</b></td></tr><tr><td>2019/03/18 15:59:14</td><td bgcolor="Lavender">N/A</td><td>Genesis</td><td>TempFolder path used in the test: C:\Users\ajay.yapada\GitProjectlocalrepo\Tws_Automation/framework/Temp/<br> <i> Stack Trace : Lib.Controller.ThreadRunner.main(ThreadRunner.java:271)<br>Lib.Controller.Driver.setUp(Driver.java:412)<br>Lib.Common.TestProperties.Genesis(TestProperties.java:197)<br></i><br><b>Unable to get the URL and Page title because the browser is not open</b></td></tr><tr><td>2019/03/18 15:59:14</td><td bgcolor="Lavender">N/A</td><td>Genesis</td><td>StaticAsset path used in the test: C:\Users\ajay.yapada\GitProjectlocalrepo\Tws_Automation/framework/StaticData/<br> <i> Stack Trace : Lib.Controller.ThreadRunner.main(ThreadRunner.java:271)<br>Lib.Controller.Driver.setUp(Driver.java:412)<br>Lib.Common.TestProperties.Genesis(TestProperties.java:198)<br></i><br><b>Unable to get the URL and Page title because the browser is not open</b></td></tr><tr><td>2019/03/18 15:59:14</td><td bgcolor="Lavender">N/A</td><td>Genesis</td><td>Environment file path used in the test: C:\Users\ajay.yapada\GitProjectlocalrepo\Tws_Automation/framework/Environment/TWS_Ajay.xml<br> <i> Stack Trace : Lib.Controller.ThreadRunner.main(ThreadRunner.java:271)<br>Lib.Controller.Driver.setUp(Driver.java:412)<br>Lib.Common.TestProperties.Genesis(TestProperties.java:211)<br></i><br><b>Unable to get the URL and Page title because the browser is not open</b></td></tr><tr><td>2019/03/18 15:59:14</td><td bgcolor="Lavender">N/A</td><td>Genesis</td><td>Environment value BaseURL = https://www.twsstaging.com/login.asp<br> <i> Stack Trace : Lib.Controller.ThreadRunner.main(ThreadRunner.java:271)<br>Lib.Controller.Driver.setUp(Driver.java:412)<br>Lib.Common.TestProperties.Genesis(TestProperties.java:217)<br></i><br><b>Unable to get the URL and Page title because the browser is not open</b></td></tr><tr><td>2019/03/18 15:59:14</td><td bgcolor="Lavender">N/A</td><td>Genesis</td><td>Environment value blnIsDbPwdEncrypted = false<br> <i> Stack Trace : Lib.Controller.ThreadRunner.main(ThreadRunner.java:271)<br>Lib.Controller.Driver.setUp(Driver.java:412)<br>Lib.Common.TestProperties.Genesis(TestProperties.java:217)<br></i><br><b>Unable to get the URL and Page title because the browser is not open</b></td></tr><tr><td>2019/03/18 15:59:14</td><td bgcolor="Lavender">N/A</td><td>Genesis</td><td>Environment value PsVer = V30<br> <i> Stack Trace : Lib.Controller.ThreadRunner.main(ThreadRunner.java:271)<br>Lib.Controller.Driver.setUp(Driver.java:412)<br>Lib.Common.TestProperties.Genesis(TestProperties.java:217)<br></i><br><b>Unable to get the URL and Page title because the browser is not open</b></td></tr><tr><td>2019/03/18 15:59:14</td><td bgcolor="Lavender">N/A</td><td>Genesis</td><td>Environment value email = ajay.yapada@brillio.com<br> <i> Stack Trace : Lib.Controller.ThreadRunner.main(ThreadRunner.java:271)<br>Lib.Controller.Driver.setUp(Driver.java:412)<br>Lib.Common.TestProperties.Genesis(TestProperties.java:217)<br></i><br><b>Unable to get the URL and Page title because the browser is not open</b></td></tr><tr><td>2019/03/18 15:59:14</td><td bgcolor="Lavender">N/A</td><td>Genesis</td><td>Environment value WebBrowser = gc<br> <i> Stack Trace : Lib.Controller.ThreadRunner.main(ThreadRunner.java:271)<br>Lib.Controller.Driver.setUp(Driver.java:412)<br>Lib.Common.TestProperties.Genesis(TestProperties.java:217)<br></i><br><b>Unable to get the URL and Page title because the browser is not open</b></td></tr><tr><td>2019/03/18 15:59:14</td><td bgcolor="Lavender">N/A</td><td>Genesis</td><td>Environment value userID = st_aj8<br> <i> Stack Trace : Lib.Controller.ThreadRunner.main(ThreadRunner.java:271)<br>Lib.Controller.Driver.setUp(Driver.java:412)<br>Lib.Common.TestProperties.Genesis(TestProperties.java:217)<br></i><br><b>Unable to get the URL and Page title because the browser is not open</b></td></tr><tr><td>2019/03/18 15:59:14</td><td bgcolor="Lavender">N/A</td><td>Genesis</td><td>Environment value userPW = toptop<br> <i> Stack Trace : Lib.Controller.ThreadRunner.main(ThreadRunner.java:271)<br>Lib.Controller.Driver.setUp(Driver.java:412)<br>Lib.Common.TestProperties.Genesis(TestProperties.java:217)<br></i><br><b>Unable to get the URL and Page title because the browser is not open</b></td></tr><tr><td>2019/03/18 15:59:14</td><td bgcolor="Lavender">N/A</td><td>Genesis</td><td>Environment value OS64bit = false<br> <i> Stack Trace : Lib.Controller.ThreadRunner.main(ThreadRunner.java:271)<br>Lib.Controller.Driver.setUp(Driver.java:412)<br>Lib.Common.TestProperties.Genesis(TestProperties.java:217)<br></i><br><b>Unable to get the URL and Page title because the browser is not open</b></td></tr><tr><td>2019/03/18 15:59:14</td><td bgcolor="Lavender">N/A</td><td>Genesis</td><td>Environment value Grid2Server = qaselhub06pv<br> <i> Stack Trace : Lib.Controller.ThreadRunner.main(ThreadRunner.java:271)<br>Lib.Controller.Driver.setUp(Driver.java:412)<br>Lib.Common.TestProperties.Genesis(TestProperties.java:217)<br></i><br><b>Unable to get the URL and Page title because the browser is not open</b></td></tr><tr><td>2019/03/18 15:59:14</td><td bgcolor="Lavender">N/A</td><td>Genesis</td><td>All the environment value added to the system...<br> <i> Stack Trace : Lib.Controller.ThreadRunner.main(ThreadRunner.java:271)<br>Lib.Controller.Driver.setUp(Driver.java:412)<br>Lib.Common.TestProperties.Genesis(TestProperties.java:255)<br></i><br><b>Unable to get the URL and Page title because the browser is not open</b></td></tr></table><div id="logfilename"><dfn>Log File Name = C:\Users\ajay.yapada\GitProjectlocalrepo\Tws_Automation/framework/Result/3182019155911IST1552904951628/pool-1-thread-1.adtl</dfn></div><table border="2" cellspacing="2" cellpadding="2" width="100%"><tr><td>Date/Time</td><td>Status</td><td>Function Name</td><td>Message</td></tr><tr><td>2019/03/18 15:59:15</td><td bgcolor="Lavender">N/A</td><td>main</td><td>Base path for the test = C:\Users\ajay.yapada\GitProjectlocalrepo\Tws_Automation/<br> <i> Stack Trace : java.lang.Thread.run(Unknown Source)<br>java.util.concurrent.ThreadPoolExecutor$Worker.run(Unknown Source)<br>java.util.concurrent.ThreadPoolExecutor.runWorker(Unknown Source)<br>Lib.Controller.ThreadRunner$1.run(ThreadRunner.java:337)<br>Lib.Controller.Driver.main(Driver.java:202)<br></i><br><b>Unable to get the URL and Page title because the browser is not open</b></td></tr><tr><td>2019/03/18 15:59:15</td><td bgcolor="Lavender">N/A</td><td>main</td><td>Current Thread Name for the test is "pool-1-thread-1"<br> <i> Stack Trace : java.lang.Thread.run(Unknown Source)<br>java.util.concurrent.ThreadPoolExecutor$Worker.run(Unknown Source)<br>java.util.concurrent.ThreadPoolExecutor.runWorker(Unknown Source)<br>Lib.Controller.ThreadRunner$1.run(ThreadRunner.java:337)<br>Lib.Controller.Driver.main(Driver.java:203)<br></i><br><b>Unable to get the URL and Page title because the browser is not open</b></td></tr><tr><td>2019/03/18 15:59:16</td><td bgcolor="Red">FAILED</td><td><a href="" target="_blank">GetWebDriver</a></td><td>Error occured in the function GetWebDriver and error message is The driver executable does not exist: C:\Users\ajay.yapada\Desktop\auto\ADT_Resources\Tws_Automation\framework\BrowserDrivers\chromedriver.exe, Stopping execution<br> <i> Stack Trace : java.lang.Thread.run(Unknown Source)<br>java.util.concurrent.ThreadPoolExecutor$Worker.run(Unknown Source)<br>java.util.concurrent.ThreadPoolExecutor.runWorker(Unknown Source)<br>Lib.Controller.ThreadRunner$1.run(ThreadRunner.java:337)<br>Lib.Controller.Driver.main(Driver.java:210)<br>Lib.Controller.Driver.run(Driver.java:314)<br>cucumber.runtime.Runtime.run(Runtime.java:108)<br>cucumber.runtime.Runtime.run(Runtime.java:120)<br>cucumber.runtime.model.CucumberFeature.run(CucumberFeature.java:154)<br>cucumber.runtime.model.CucumberScenarioOutline.run(CucumberScenarioOutline.java:46)<br>cucumber.runtime.model.CucumberScenario.run(CucumberScenario.java:48)<br>cucumber.runtime.model.StepContainer.runSteps(StepContainer.java:39)<br>cucumber.runtime.model.StepContainer.runStep(StepContainer.java:44)<br>cucumber.runtime.Runtime.runStep(Runtime.java:298)<br>cucumber.runtime.StepDefinitionMatch.runStep(StepDefinitionMatch.java:37)<br>cucumber.runtime.java.JavaStepDefinition.execute(JavaStepDefinition.java:35)<br>cucumber.runtime.Utils.invoke(Utils.java:30)<br>cucumber.runtime.Timeout.timeout(Timeout.java:13)<br>cucumber.runtime.Utils$1.call(Utils.java:34)<br>java.lang.reflect.Method.invoke(Unknown Source)<br>sun.reflect.DelegatingMethodAccessorImpl.invoke(Unknown Source)<br>sun.reflect.NativeMethodAccessorImpl.invoke(Unknown Source)<br>sun.reflect.NativeMethodAccessorImpl.invoke0(Native Method)<br>defFiles.MyProfileContactInfo.launchTws(MyProfileContactInfo.java:47)<br>Lib.Common.WebCtrlOperations.GetWebDriver(WebCtrlOperations.java:279)<br></i><br> Feature File Name = [C:\Users\ajay.yapada\GitProjectlocalrepo\Tws_Automation\FeatureFiles\ProfileDataEntry\Myprofile_ProfessionalExpertiseandCredentials.feature]<br><b>Unable to get the URL and Page title because the browser is not open</b></td></tr><tr><td>2019/03/18 15:59:16</td><td bgcolor="Red">FAILED</td><td><a href="" target="_blank">launchTws</a></td><td>Exception occurred. null<br> <i> Stack Trace : java.lang.Thread.run(Unknown Source)<br>java.util.concurrent.ThreadPoolExecutor$Worker.run(Unknown Source)<br>java.util.concurrent.ThreadPoolExecutor.runWorker(Unknown Source)<br>Lib.Controller.ThreadRunner$1.run(ThreadRunner.java:337)<br>Lib.Controller.Driver.main(Driver.java:210)<br>Lib.Controller.Driver.run(Driver.java:314)<br>cucumber.runtime.Runtime.run(Runtime.java:108)<br>cucumber.runtime.Runtime.run(Runtime.java:120)<br>cucumber.runtime.model.CucumberFeature.run(CucumberFeature.java:154)<br>cucumber.runtime.model.CucumberScenarioOutline.run(CucumberScenarioOutline.java:46)<br>cucumber.runtime.model.CucumberScenario.run(CucumberScenario.java:48)<br>cucumber.runtime.model.StepContainer.runSteps(StepContainer.java:39)<br>cucumber.runtime.model.StepContainer.runStep(StepContainer.java:44)<br>cucumber.runtime.Runtime.runStep(Runtime.java:298)<br>cucumber.runtime.StepDefinitionMatch.runStep(StepDefinitionMatch.java:37)<br>cucumber.runtime.java.JavaStepDefinition.execute(JavaStepDefinition.java:35)<br>cucumber.runtime.Utils.invoke(Utils.java:30)<br>cucumber.runtime.Timeout.timeout(Timeout.java:13)<br>cucumber.runtime.Utils$1.call(Utils.java:34)<br>java.lang.reflect.Method.invoke(Unknown Source)<br>sun.reflect.DelegatingMethodAccessorImpl.invoke(Unknown Source)<br>sun.reflect.NativeMethodAccessorImpl.invoke(Unknown Source)<br>sun.reflect.NativeMethodAccessorImpl.invoke0(Native Method)<br>defFiles.MyProfileContactInfo.launchTws(MyProfileContactInfo.java:53)<br></i><br> Feature File Name = [C:\Users\ajay.yapada\GitProjectlocalrepo\Tws_Automation\FeatureFiles\ProfileDataEntry\Myprofile_ProfessionalExpertiseandCredentials.feature]<br><b>Unable to get the URL and Page title because the browser is not open</b></td></tr><tr><td>2019/03/18 15:59:17</td><td bgcolor="Lavender">N/A</td><td>run</td><td>Printing Cucumber RunTime Error/s<br> <i> Stack Trace : java.lang.Thread.run(Unknown Source)<br>java.util.concurrent.ThreadPoolExecutor$Worker.run(Unknown Source)<br>java.util.concurrent.ThreadPoolExecutor.runWorker(Unknown Source)<br>Lib.Controller.ThreadRunner$1.run(ThreadRunner.java:337)<br>Lib.Controller.Driver.main(Driver.java:210)<br>Lib.Controller.Driver.run(Driver.java:324)<br></i><br> Feature File Name = [C:\Users\ajay.yapada\GitProjectlocalrepo\Tws_Automation\FeatureFiles\ProfileDataEntry\Myprofile_ProfessionalExpertiseandCredentials.feature]<br><b>Unable to get the URL and Page title because the browser is not open</b></td></tr><tr><td>2019/03/18 15:59:17</td><td bgcolor="Red">FAILED</td><td><a href="" target="_blank">run</a></td><td> File Name: Assert.java Method name: fail(86)<br> File Name: Assert.java Method name: assertTrue(41)<br> File Name: Assert.java Method name: assertTrue(52)<br> File Name: MyProfileContactInfo.java Method name: launchTws(54)<br> File Name: C:/Users/ajay.yapada/GitProjectlocalrepo/Tws_Automation/FeatureFiles/ProfileDataEntry/Myprofile_ProfessionalExpertiseandCredentials.feature Method name: Given I launch TWS login panel(4)<br><br>Complete Error Message: null<br><br> <i> Stack Trace : java.lang.Thread.run(Unknown Source)<br>java.util.concurrent.ThreadPoolExecutor$Worker.run(Unknown Source)<br>java.util.concurrent.ThreadPoolExecutor.runWorker(Unknown Source)<br>Lib.Controller.ThreadRunner$1.run(ThreadRunner.java:337)<br>Lib.Controller.Driver.main(Driver.java:210)<br>Lib.Controller.Driver.run(Driver.java:332)<br></i><br> Feature File Name = [C:\Users\ajay.yapada\GitProjectlocalrepo\Tws_Automation\FeatureFiles\ProfileDataEntry\Myprofile_ProfessionalExpertiseandCredentials.feature]<br><b>Unable to get the URL and Page title because the browser is not open</b></td></tr></table><hr><h5><a href="mailto:#adtfe@move.com">Contact Us</a></h5></hr></div></body></html>